Library/Bee/Android/Prj/Mono2x/Gradle/launcher/build/intermediates/manifest_merge_blame_file/release/manifest-merger-blame-release-report.txt
1<?xml version="1.0" encoding="utf-8"?>
2<manifest xmlns:android="http://schemas.android.com/apk/res/android"
3    package="com.EduardosProductions.RunHilda"
4    android:installLocation="preferExternal"
5    android:versionCode="1"
6    android:versionName="1.0" >
7
8    <uses-sdk
9        android:minSdkVersion="22"
9-->src\main\AndroidManifest.xml
10        android:targetSdkVersion="33" />
10-->src\main\AndroidManifest.xml
11
12    <supports-screens
12-->src\main\AndroidManifest.xml:4:3-163
13        android:anyDensity="true"
13-->src\main\AndroidManifest.xml:4:135-160
14        android:largeScreens="true"
14-->src\main\AndroidManifest.xml:4:78-105
15        android:normalScreens="true"
15-->src\main\AndroidManifest.xml:4:49-77
16        android:smallScreens="true"
16-->src\main\AndroidManifest.xml:4:21-48
17        android:xlargeScreens="true" />
17-->src\main\AndroidManifest.xml:4:106-134
18
19    <uses-feature android:glEsVersion="0x00030000" />
19-->[:unityLibrary] AndroidManifest.xml:10:5-54
19-->[:unityLibrary] AndroidManifest.xml:10:19-51
20    <uses-feature
20-->[:unityLibrary] AndroidManifest.xml:11:5-13:36
21        android:name="android.hardware.vulkan.version"
21-->[:unityLibrary] AndroidManifest.xml:12:9-55
22        android:required="false" />
22-->[:unityLibrary] AndroidManifest.xml:13:9-33
23    <uses-feature
23-->[:unityLibrary] AndroidManifest.xml:14:5-16:36
24        android:name="android.hardware.touchscreen"
24-->[:unityLibrary] AndroidManifest.xml:15:9-52
25        android:required="false" />
25-->[:unityLibrary] AndroidManifest.xml:16:9-33
26    <uses-feature
26-->[:unityLibrary] AndroidManifest.xml:17:5-19:36
27        android:name="android.hardware.touchscreen.multitouch"
27-->[:unityLibrary] AndroidManifest.xml:18:9-63
28        android:required="false" />
28-->[:unityLibrary] AndroidManifest.xml:19:9-33
29    <uses-feature
29-->[:unityLibrary] AndroidManifest.xml:20:5-22:36
30        android:name="android.hardware.touchscreen.multitouch.distinct"
30-->[:unityLibrary] AndroidManifest.xml:21:9-72
31        android:required="false" />
31-->[:unityLibrary] AndroidManifest.xml:22:9-33
32
33    <uses-permission android:name="android.permission.POST_NOTIFICATIONS" />
33-->[:unityLibrary:mobilenotifications.androidlib] AndroidManifest.xml:9:5-77
33-->[:unityLibrary:mobilenotifications.androidlib] AndroidManifest.xml:9:22-74
34    <uses-permission android:name="android.permission.RECEIVE_BOOT_COMPLETED" />
34-->[:unityLibrary:mobilenotifications.androidlib] AndroidManifest.xml:10:5-81
34-->[:unityLibrary:mobilenotifications.androidlib] AndroidManifest.xml:10:22-78
35    <uses-permission android:name="android.permission.SCHEDULE_EXACT_ALARM" />
35-->[:unityLibrary:mobilenotifications.androidlib] AndroidManifest.xml:11:5-79
35-->[:unityLibrary:mobilenotifications.androidlib] AndroidManifest.xml:11:22-76
36
37    <application
37-->src\main\AndroidManifest.xml:3:3-83
38        android:extractNativeLibs="true"
38-->[:unityLibrary] AndroidManifest.xml:24:18-50
39        android:icon="@mipmap/app_icon"
39-->src\main\AndroidManifest.xml:3:16-47
40        android:label="@string/app_name" >
40-->src\main\AndroidManifest.xml:3:48-80
41        <meta-data
41-->[:unityLibrary] AndroidManifest.xml:25:9-27:33
42            android:name="unity.splash-mode"
42-->[:unityLibrary] AndroidManifest.xml:26:13-45
43            android:value="0" />
43-->[:unityLibrary] AndroidManifest.xml:27:13-30
44        <meta-data
44-->[:unityLibrary] AndroidManifest.xml:28:9-30:36
45            android:name="unity.splash-enable"
45-->[:unityLibrary] AndroidManifest.xml:29:13-47
46            android:value="True" />
46-->[:unityLibrary] AndroidManifest.xml:30:13-33
47        <meta-data
47-->[:unityLibrary] AndroidManifest.xml:31:9-33:36
48            android:name="unity.launch-fullscreen"
48-->[:unityLibrary] AndroidManifest.xml:32:13-51
49            android:value="True" />
49-->[:unityLibrary] AndroidManifest.xml:33:13-33
50        <meta-data
50-->[:unityLibrary] AndroidManifest.xml:34:9-36:37
51            android:name="unity.allow-resizable-window"
51-->[:unityLibrary] AndroidManifest.xml:35:13-56
52            android:value="False" />
52-->[:unityLibrary] AndroidManifest.xml:36:13-34
53        <meta-data
53-->[:unityLibrary] AndroidManifest.xml:37:9-39:50
54            android:name="notch.config"
54-->[:unityLibrary] AndroidManifest.xml:38:13-40
55            android:value="portrait|landscape" />
55-->[:unityLibrary] AndroidManifest.xml:39:13-47
56        <meta-data
56-->[:unityLibrary] AndroidManifest.xml:40:9-42:36
57            android:name="unity.auto-report-fully-drawn"
57-->[:unityLibrary] AndroidManifest.xml:41:13-57
58            android:value="true" />
58-->[:unityLibrary] AndroidManifest.xml:42:13-33
59        <meta-data
59-->[:unityLibrary] AndroidManifest.xml:43:9-45:37
60            android:name="unity.strip-engine-code"
60-->[:unityLibrary] AndroidManifest.xml:44:13-51
61            android:value="false" />
61-->[:unityLibrary] AndroidManifest.xml:45:13-34
62
63        <activity
63-->[:unityLibrary] AndroidManifest.xml:47:9-69:20
64            android:name="com.unity3d.player.UnityPlayerActivity"
64-->[:unityLibrary] AndroidManifest.xml:48:13-66
65            android:configChanges="mcc|mnc|locale|touchscreen|keyboard|keyboardHidden|navigation|orientation|screenLayout|uiMode|screenSize|smallestScreenSize|fontScale|layoutDirection|density"
65-->[:unityLibrary] AndroidManifest.xml:49:13-194
66            android:enabled="true"
66-->[:unityLibrary] AndroidManifest.xml:50:13-35
67            android:exported="true"
67-->[:unityLibrary] AndroidManifest.xml:51:13-36
68            android:hardwareAccelerated="false"
68-->[:unityLibrary] AndroidManifest.xml:52:13-48
69            android:launchMode="singleTask"
69-->[:unityLibrary] AndroidManifest.xml:53:13-44
70            android:resizeableActivity="false"
70-->[:unityLibrary] AndroidManifest.xml:54:13-47
71            android:screenOrientation="userLandscape"
71-->[:unityLibrary] AndroidManifest.xml:55:13-54
72            android:theme="@style/UnityThemeSelector" >
72-->[:unityLibrary] AndroidManifest.xml:56:13-54
73            <intent-filter>
73-->[:unityLibrary] AndroidManifest.xml:57:13-61:29
74                <category android:name="android.intent.category.LAUNCHER" />
74-->[:unityLibrary] AndroidManifest.xml:58:17-77
74-->[:unityLibrary] AndroidManifest.xml:58:27-74
75
76                <action android:name="android.intent.action.MAIN" />
76-->[:unityLibrary] AndroidManifest.xml:60:17-69
76-->[:unityLibrary] AndroidManifest.xml:60:25-66
77            </intent-filter>
78
79            <meta-data
79-->[:unityLibrary] AndroidManifest.xml:63:13-65:40
80                android:name="unityplayer.UnityActivity"
80-->[:unityLibrary] AndroidManifest.xml:64:17-57
81                android:value="true" />
81-->[:unityLibrary] AndroidManifest.xml:65:17-37
82            <meta-data
82-->[:unityLibrary] AndroidManifest.xml:66:13-68:40
83                android:name="notch_support"
83-->[:unityLibrary] AndroidManifest.xml:67:17-45
84                android:value="true" />
84-->[:unityLibrary] AndroidManifest.xml:68:17-37
85        </activity>
86
87        <receiver
87-->[:unityLibrary:mobilenotifications.androidlib] AndroidManifest.xml:14:9-16:40
88            android:name="com.unity.androidnotifications.UnityNotificationManager"
88-->[:unityLibrary:mobilenotifications.androidlib] AndroidManifest.xml:15:13-83
89            android:exported="false" />
89-->[:unityLibrary:mobilenotifications.androidlib] AndroidManifest.xml:16:13-37
90        <receiver
90-->[:unityLibrary:mobilenotifications.androidlib] AndroidManifest.xml:17:9-24:20
91            android:name="com.unity.androidnotifications.UnityNotificationRestartReceiver"
91-->[:unityLibrary:mobilenotifications.androidlib] AndroidManifest.xml:18:13-91
92            android:enabled="false"
92-->[:unityLibrary:mobilenotifications.androidlib] AndroidManifest.xml:19:13-36
93            android:exported="false" >
93-->[:unityLibrary:mobilenotifications.androidlib] AndroidManifest.xml:20:13-37
94            <intent-filter>
94-->[:unityLibrary:mobilenotifications.androidlib] AndroidManifest.xml:21:13-23:29
95                <action android:name="android.intent.action.BOOT_COMPLETED" />
95-->[:unityLibrary:mobilenotifications.androidlib] AndroidManifest.xml:22:17-79
95-->[:unityLibrary:mobilenotifications.androidlib] AndroidManifest.xml:22:25-76
96            </intent-filter>
97        </receiver>
98
99        <meta-data
99-->[:unityLibrary:mobilenotifications.androidlib] AndroidManifest.xml:26:9-28:36
100            android:name="reschedule_notifications_on_restart"
100-->[:unityLibrary:mobilenotifications.androidlib] AndroidManifest.xml:27:13-63
101            android:value="true" />
101-->[:unityLibrary:mobilenotifications.androidlib] AndroidManifest.xml:28:13-33
102        <meta-data
102-->[:unityLibrary:mobilenotifications.androidlib] AndroidManifest.xml:29:9-31:33
103            android:name="com.unity.androidnotifications.exact_scheduling"
103-->[:unityLibrary:mobilenotifications.androidlib] AndroidManifest.xml:30:13-75
104            android:value="0" />
104-->[:unityLibrary:mobilenotifications.androidlib] AndroidManifest.xml:31:13-30
105    </application>
106
107</manifest>